Arguments: 
  /data/data/com.termux/files/usr/bin/node /data/data/com.termux/files/usr/share/yarn/bin/yarn.js

PATH: 
  /data/data/com.termux/files/usr/bin

Yarn version: 
  1.22.17

Node version: 
  17.9.0

Platform: 
  android arm

Trace: 
  Error: https://registry.yarnpkg.com/@adiwajshing%2fbaileys-md: Not found
      at Request.params.callback [as _callback] (/data/data/com.termux/files/usr/share/yarn/lib/cli.js:67029:18)
      at Request.self.callback (/data/data/com.termux/files/usr/share/yarn/lib/cli.js:140883:22)
      at Request.emit (node:events:527:28)
      at Request.<anonymous> (/data/data/com.termux/files/usr/share/yarn/lib/cli.js:141855:10)
      at Request.emit (node:events:527:28)
      at IncomingMessage.<anonymous> (/data/data/com.termux/files/usr/share/yarn/lib/cli.js:141777:12)
      at Object.onceWrapper (node:events:641:28)
      at IncomingMessage.emit (node:events:539:35)
      at endReadableNT (node:internal/streams/readable:1345:12)
      at processTicksAndRejections (node:internal/process/task_queues:83:21)

npm manifest: 
  {
      "name": "Ebot-md",
      "version": "3.5.4",
      "description": "Simple Bot WhatsApp with Baileys Multi Device",
      "depecrated": false,
      "main": "index.js",
      "directories": {
          "lib": "lib",
          "src": "src",
          "plugins": "plugins"
      },
      "scripts": {
          "start": "node index.js",
          "test": "node test.js",
          "test2": "nodemon index.js"
      },
      "keywords": [
          "termux-whatsapp-bot",
          "whatsapp-bot",
          "whatsapp",
          "js-whatsapp",
          "whatsapp",
          "ShiraoriBOT",
          "wabot-aq"
      ],
      "homepage": "https://github.com/Paquito1923/elyasmd",
      "author": {
          "name": "Elyas"
      },
      "repository": {
          "type": "git",
          "url": "git+https://github.com/Paquito1923/elyasmd.git"
      },
      "bugs": {
          "url": "https://github.com/Paquito1923/elyasmd/issues"
      },
      "license": "GPL-3.0-or-later",
      "dependencies": {
          "@adiwajshing/baileys": "^4.1.0",
          "@adiwajshing/baileys": "^4.1.0",
          "@adiwajshing/keyed-db": "^0.2.4",
          "awesome-phonenumber": "^2.64.0",
          "axios": "^0.24.0",
          "@bochilteam/scraper": "^0.0.5",
          "canvacord": "^5.2.3",
          "cfonts": "^2.10.0",
          "chalk": "^4.1.2",
          "cheerio": "^1.0.0-rc.10",
          "colors": "1.4.0",
          "dotenv": "^10.0.0",
          "file-type": "^16.5.3",
          "form-data": "^4.0.0",
          "g-i-s": "^2.1.6",
          "google-it": "^1.6.2",
          "human-readable": "^0.2.1",
          "hxz-api": "^1.0.1",
          "jsdom": "^18.1.1",
          "lodash": "^4.17.21",
          "lowdb": "^2.1.0",
          "mongoose": "^6.0.14",
          "moment-timezone": "^0.5.34",
          "node-fetch": "^2.6.6",
          "node-gtts": "2.0.2",
          "node-webpmux": "^3.1.0",
          "nodemon": "^2.0.15",
          "ocr-space-api-wrapper": "^2.1.1",
          "os": "^0.1.2",
          "perf_hooks": "^0.0.1",
          "qrcode": "^1.5.0",
          "readline": "^1.3.0",
          "similarity": "^1.2.1",
          "syntax-error": "^1.4.0",
          "terminal-image": "^2.0.0",
          "translate-google-api": "^1.0.4",
          "url-regex-safe": "^2.1.0",
          "wa-sticker-formatter": "^4.0.14",
          "xfarr-api": "^1.0.3",
          "yargs": "^17.2.1",
          "yt-search": "^2.9.0"
      }
  }

yarn manifest: 
  No manifest

Lockfile: 
  No lockfile
